[    0.000000] Linux version 4.15.0-70-generic (buildd@lgw01-amd64-055) (gcc version 7.4.0 (Ubuntu 7.4.0-1ubuntu1~18.04.1)) #79-Ubuntu SMP Tue Nov 12 10:36:11 UTC 2019 (Ubuntu 4.15.0-70.79-generic 4.15.18)
[    0.000000] Command line: BOOT_IMAGE=/boot/vmlinuz-4.15.0-70-generic root=LABEL=cloudimg-rootfs ro console=tty1 console=ttyS0
[    0.000000] KERNEL supported cpus:
[    0.000000]   Intel GenuineIntel
[    0.000000]   AMD AuthenticAMD
[    0.000000]   Centaur CentaurHauls
[    0.000000] x86/fpu: Supporting XSAVE feature 0x001: 'x87 floating point registers'
[    0.000000] x86/fpu: Supporting XSAVE feature 0x002: 'SSE registers'
[    0.000000] x86/fpu: Supporting XSAVE feature 0x004: 'AVX registers'
[    0.000000] x86/fpu: xstate_offset[2]:  576, xstate_sizes[2]:  256
[    0.000000] x86/fpu: Enabled xstate features 0x7, context size is 832 bytes, using 'standard' format.
[    0.000000] e820: BIOS-provided physical RAM map:
[    0.000000] BIOS-e820: [mem 0x0000000000000000-0x000000000009fbff] usable
[    0.000000] BIOS-e820: [mem 0x000000000009fc00-0x000000000009ffff] reserved
[    0.000000] BIOS-e820: [mem 0x00000000000f0000-0x00000000000fffff] reserved
[    0.000000] BIOS-e820: [mem 0x0000000000100000-0x000000007ffeffff] usable
[    0.000000] BIOS-e820: [mem 0x000000007fff0000-0x000000007fffffff] ACPI data
[    0.000000] BIOS-e820: [mem 0x00000000fec00000-0x00000000fec00fff] reserved
[    0.000000] BIOS-e820: [mem 0x00000000fee00000-0x00000000fee00fff] reserved
[    0.000000] BIOS-e820: [mem 0x00000000fffc0000-0x00000000ffffffff] reserved
[    0.000000] NX (Execute Disable) protection: active
[    0.000000] SMBIOS 2.5 present.
[    0.000000] DMI: innotek GmbH VirtualBox/VirtualBox, BIOS VirtualBox 12/01/2006
[    0.000000] Hypervisor detected: KVM
[    0.000000] e820: last_pfn = 0x7fff0 max_arch_pfn = 0x400000000
[    0.000000] MTRR: Disabled
[    0.000000] x86/PAT: MTRRs disabled, skipping PAT initialization too.
[    0.000000] CPU MTRRs all blank - virtualized system.
[    0.000000] x86/PAT: Configuration [0-7]: WB  WT  UC- UC  WB  WT  UC- UC  
[    0.000000] found SMP MP-table at [mem 0x0009fff0-0x0009ffff]
[    0.000000] Scanning 1 areas for low memory corruption
[    0.000000] RAMDISK: [mem 0x35a89000-0x36d3bfff]
[    0.000000] ACPI: Early table checksum verification disabled
[    0.000000] ACPI: RSDP 0x00000000000E0000 000024 (v02 VBOX  )
[    0.000000] ACPI: XSDT 0x000000007FFF0030 00003C (v01 VBOX   VBOXXSDT 00000001 ASL  00000061)
[    0.000000] ACPI: FACP 0x000000007FFF00F0 0000F4 (v04 VBOX   VBOXFACP 00000001 ASL  00000061)
[    0.000000] ACPI: DSDT 0x000000007FFF0470 0022EA (v02 VBOX   VBOXBIOS 00000002 INTL 20100528)
[    0.000000] ACPI: FACS 0x000000007FFF0200 000040
[    0.000000] ACPI: FACS 0x000000007FFF0200 000040
[    0.000000] ACPI: APIC 0x000000007FFF0240 00005C (v02 VBOX   VBOXAPIC 00000001 ASL  00000061)
[    0.000000] ACPI: SSDT 0x000000007FFF02A0 0001CC (v01 VBOX   VBOXCPUT 00000002 INTL 20100528)
[    0.000000] No NUMA configuration found
[    0.000000] Faking a node at [mem 0x0000000000000000-0x000000007ffeffff]
[    0.000000] NODE_DATA(0) allocated [mem 0x7ffc5000-0x7ffeffff]
[    0.000000] kvm-clock: cpu 0, msr 0:7ff44001, primary cpu clock
[    0.000000] kvm-clock: Using msrs 4b564d01 and 4b564d00
[    0.000000] kvm-clock: using sched offset of 4304225293 cycles
[    0.000000] clocksource: kvm-clock: mask: 0xffffffffffffffff max_cycles: 0x1cd42e4dffb, max_idle_ns: 881590591483 ns
[    0.000000] Zone ranges:
[    0.000000]   DMA      [mem 0x0000000000001000-0x0000000000ffffff]
[    0.000000]   DMA32    [mem 0x0000000001000000-0x000000007ffeffff]
[    0.000000]   Normal   empty
[    0.000000]   Device   empty
[    0.000000] Movable zone start for each node
[    0.000000] Early memory node ranges
[    0.000000]   node   0: [mem 0x0000000000001000-0x000000000009efff]
[    0.000000]   node   0: [mem 0x0000000000100000-0x000000007ffeffff]
[    0.000000] Reserved but unavailable: 98 pages
[    0.000000] Initmem setup node 0 [mem 0x0000000000001000-0x000000007ffeffff]
[    0.000000] ACPI: PM-Timer IO Port: 0x4008
[    0.000000] IOAPIC[0]: apic_id 2, version 32, address 0xfec00000, GSI 0-23
[    0.000000] ACPI: INT_SRC_OVR (bus 0 bus_irq 0 global_irq 2 dfl dfl)
[    0.000000] ACPI: INT_SRC_OVR (bus 0 bus_irq 9 global_irq 9 low level)
[    0.000000] Using ACPI (MADT) for SMP configuration information
[    0.000000] smpboot: Allowing 2 CPUs, 0 hotplug CPUs
[    0.000000] PM: Registered nosave memory: [mem 0x00000000-0x00000fff]
[    0.000000] PM: Registered nosave memory: [mem 0x0009f000-0x0009ffff]
[    0.000000] PM: Registered nosave memory: [mem 0x000a0000-0x000effff]
[    0.000000] PM: Registered nosave memory: [mem 0x000f0000-0x000fffff]
[    0.000000] e820: [mem 0x80000000-0xfebfffff] available for PCI devices
[    0.000000] Booting paravirtualized kernel on KVM
[    0.000000] clocksource: refined-jiffies: mask: 0xffffffff max_cycles: 0xffffffff, max_idle_ns: 7645519600211568 ns
[    0.000000] random: get_random_bytes called from start_kernel+0x99/0x4fd with crng_init=0
[    0.000000] setup_percpu: NR_CPUS:8192 nr_cpumask_bits:2 nr_cpu_ids:2 nr_node_ids:1
[    0.000000] percpu: Embedded 45 pages/cpu s147456 r8192 d28672 u1048576
[    0.000000] PV qspinlock hash table entries: 256 (order: 0, 4096 bytes)
[    0.000000] Built 1 zonelists, mobility grouping on.  Total pages: 515961
[    0.000000] Policy zone: DMA32
[    0.000000] Kernel command line: BOOT_IMAGE=/boot/vmlinuz-4.15.0-70-generic root=LABEL=cloudimg-rootfs ro console=tty1 console=ttyS0
[    0.000000] Memory: 2015632K/2096696K available (12300K kernel code, 2481K rwdata, 4264K rodata, 2432K init, 2388K bss, 81064K reserved, 0K cma-reserved)
[    0.000000] SLUB: HWalign=64, Order=0-3, MinObjects=0, CPUs=2, Nodes=1
[    0.000000] Kernel/User page tables isolation: enabled
[    0.000000] ftrace: allocating 39315 entries in 154 pages
[    0.004000] Hierarchical RCU implementation.
[    0.004000] 	RCU restricting CPUs from NR_CPUS=8192 to nr_cpu_ids=2.
[    0.004000] 	Tasks RCU enabled.
[    0.004000] RCU: Adjusting geometry for rcu_fanout_leaf=16, nr_cpu_ids=2
[    0.004000] NR_IRQS: 524544, nr_irqs: 440, preallocated irqs: 16
[    0.004000] Console: colour VGA+ 80x25
[    0.004000] console [tty1] enabled
[    0.004000] console [ttyS0] enabled
[    0.004000] ACPI: Core revision 20170831
[    0.004000] ACPI: 2 ACPI AML tables successfully acquired and loaded
[    0.004000] APIC: Switch to symmetric I/O mode setup
[    0.004000] x2apic enabled
[    0.004000] Switched APIC routing to physical x2apic.
[    0.004000] ..TIMER: vector=0x30 apic1=0 pin1=2 apic2=-1 pin2=-1
[    0.004005] tsc: Detected 2194.918 MHz processor
[    0.004914] Calibrating delay loop (skipped) preset value.. 4389.83 BogoMIPS (lpj=8779672)
[    0.008007] pid_max: default: 32768 minimum: 301
[    0.009479] Security Framework initialized
[    0.012005] Yama: becoming mindful.
[    0.013641] AppArmor: AppArmor initialized
[    0.016488] Dentry cache hash table entries: 262144 (order: 9, 2097152 bytes)
[    0.021487] Inode-cache hash table entries: 131072 (order: 8, 1048576 bytes)
[    0.023218] Mount-cache hash table entries: 4096 (order: 3, 32768 bytes)
[    0.024012] Mountpoint-cache hash table entries: 4096 (order: 3, 32768 bytes)
[    0.026456] Last level iTLB entries: 4KB 1024, 2MB 1024, 4MB 1024
[    0.028005] Last level dTLB entries: 4KB 1024, 2MB 1024, 4MB 1024, 1GB 4
[    0.029919] Spectre V1 : Mitigation: usercopy/swapgs barriers and __user pointer sanitization
[    0.032005] Spectre V2 : Mitigation: Full generic retpoline
[    0.033458] Spectre V2 : Spectre v2 / SpectreRSB mitigation: Filling RSB on context switch
[    0.036003] Speculative Store Bypass: Vulnerable
[    0.037001] MDS: Mitigation: Clear CPU buffers
[    0.038172] Freeing SMP alternatives memory: 36K
[    0.150515] smpboot: CPU0: Intel(R) Core(TM) i7-4770HQ CPU @ 2.20GHz (family: 0x6, model: 0x46, stepping: 0x1)
[    0.152000] Performance Events: unsupported p6 CPU model 70 no PMU driver, software events only.
[    0.152036] Hierarchical SRCU implementation.
[    0.153532] NMI watchdog: Perf event create on CPU 0 failed with -2
[    0.155134] NMI watchdog: Perf NMI watchdog permanently disabled
[    0.156062] smp: Bringing up secondary CPUs ...
[    0.157079] x86: Booting SMP configuration:
[    0.157914] .... node  #0, CPUs:      #1
[    0.004000] kvm-clock: cpu 1, msr 0:7ff44041, secondary cpu clock
[    0.162983] smp: Brought up 1 node, 2 CPUs
[    0.164011] smpboot: Max logical packages: 1
[    0.165020] smpboot: Total of 2 processors activated (8779.67 BogoMIPS)
[    0.166627] devtmpfs: initialized
[    0.166627] x86/mm: Memory block size: 128MB
[    0.168183] evm: security.selinux
[    0.168964] evm: security.SMACK64
[    0.169721] evm: security.SMACK64EXEC
[    0.170578] evm: security.SMACK64TRANSMUTE
[    0.172005] evm: security.SMACK64MMAP
[    0.172914] evm: security.apparmor
[    0.173627] evm: security.ima
[    0.174252] evm: security.capability
[    0.175056] clocksource: jiffies: mask: 0xffffffff max_cycles: 0xffffffff, max_idle_ns: 7645041785100000 ns
[    0.176014] futex hash table entries: 512 (order: 3, 32768 bytes)
[    0.177823] pinctrl core: initialized pinctrl subsystem
[    0.180157] RTC time: 19:54:57, date: 12/11/19
[    0.181307] NET: Registered protocol family 16
[    0.182332] audit: initializing netlink subsys (disabled)
[    0.184009] audit: type=2000 audit(1576094103.443:1): state=initialized audit_enabled=0 res=1
[    0.185845] cpuidle: using governor ladder
[    0.185845] cpuidle: using governor menu
[    0.185845] ACPI: bus type PCI registered
[    0.188005] acpiphp: ACPI Hot Plug PCI Controller Driver version: 0.5
[    0.189446] PCI: Using configuration type 1 for base access
[    0.193710] HugeTLB registered 2.00 MiB page size, pre-allocated 0 pages
[    0.196094] ACPI: Added _OSI(Module Device)
[    0.197014] ACPI: Added _OSI(Processor Device)
[    0.198035] ACPI: Added _OSI(3.0 _SCP Extensions)
[    0.199044] ACPI: Added _OSI(Processor Aggregator Device)
[    0.200012] ACPI: Added _OSI(Linux-Dell-Video)
[    0.201118] ACPI: Added _OSI(Linux-Lenovo-NV-HDMI-Audio)
[    0.202215] ACPI: Added _OSI(Linux-HPI-Hybrid-Graphics)
[    0.204409] ACPI: Executed 1 blocks of module-level executable AML code
[    0.210041] ACPI: Interpreter enabled
[    0.210887] ACPI: (supports S0 S5)
[    0.211753] ACPI: Using IOAPIC for interrupt routing
[    0.212301] PCI: Using host bridge windows from ACPI; if necessary, use "pci=nocrs" and report a bug
[    0.214510] ACPI: Enabled 2 GPEs in block 00 to 07
[    0.223625] ACPI: PCI Root Bridge [PCI0] (domain 0000 [bus 00-ff])
[    0.224013] acpi PNP0A03:00: _OSC: OS supports [ASPM ClockPM Segments MSI]
[    0.225986] acpi PNP0A03:00: _OSC: not requesting OS control; OS requires [ExtendedConfig ASPM ClockPM MSI]
[    0.228039] acpi PNP0A03:00: fail to add MMCONFIG information, can't access extended PCI configuration space under this bridge.
[    0.232265] PCI host bridge to bus 0000:00
[    0.233173] pci_bus 0000:00: root bus resource [io  0x0000-0x0cf7 window]
[    0.234582] pci_bus 0000:00: root bus resource [io  0x0d00-0xffff window]
[    0.235914] pci_bus 0000:00: root bus resource [mem 0x000a0000-0x000bffff window]
[    0.236004] pci_bus 0000:00: root bus resource [mem 0x80000000-0xfdffffff window]
[    0.237683] pci_bus 0000:00: root bus resource [bus 00-ff]
[    0.243025] pci 0000:00:01.1: legacy IDE quirk: reg 0x10: [io  0x01f0-0x01f7]
[    0.244004] pci 0000:00:01.1: legacy IDE quirk: reg 0x14: [io  0x03f6]
[    0.245401] pci 0000:00:01.1: legacy IDE quirk: reg 0x18: [io  0x0170-0x0177]
[    0.247147] pci 0000:00:01.1: legacy IDE quirk: reg 0x1c: [io  0x0376]
[    0.279791] pci 0000:00:07.0: quirk: [io  0x4000-0x403f] claimed by PIIX4 ACPI
[    0.280050] pci 0000:00:07.0: quirk: [io  0x4100-0x410f] claimed by PIIX4 SMB
[    0.302173] ACPI: PCI Interrupt Link [LNKA] (IRQs 5 9 10 *11)
[    0.304360] ACPI: PCI Interrupt Link [LNKB] (IRQs 5 9 *10 11)
[    0.305798] ACPI: PCI Interrupt Link [LNKC] (IRQs 5 *9 10 11)
[    0.307248] ACPI: PCI Interrupt Link [LNKD] (IRQs 5 9 10 *11)
[    0.308441] SCSI subsystem initialized
[    0.309438] pci 0000:00:02.0: vgaarb: setting as boot VGA device
[    0.309438] pci 0000:00:02.0: vgaarb: VGA device added: decodes=io+mem,owns=io+mem,locks=none
[    0.312019] pci 0000:00:02.0: vgaarb: bridge control possible
[    0.313280] vgaarb: loaded
[    0.314003] ACPI: bus type USB registered
[    0.316074] usbcore: registered new interface driver usbfs
[    0.317313] usbcore: registered new interface driver hub
[    0.318424] usbcore: registered new device driver usb
[    0.320048] EDAC MC: Ver: 3.0.0
[    0.321433] PCI: Using ACPI for IRQ routing
[    0.321433] NetLabel: Initializing
[    0.324004] NetLabel:  domain hash size = 128
[    0.324894] NetLabel:  protocols = UNLABELED CIPSOv4 CALIPSO
[    0.326117] NetLabel:  unlabeled traffic allowed by default
[    0.328218] clocksource: Switched to clocksource kvm-clock
[    0.344234] VFS: Disk quotas dquot_6.6.0
[    0.345205] VFS: Dquot-cache hash table entries: 512 (order 0, 4096 bytes)
[    0.346821] AppArmor: AppArmor Filesystem Enabled
[    0.348031] pnp: PnP ACPI init
[    0.350463] pnp: PnP ACPI: found 3 devices
[    0.362099] clocksource: acpi_pm: mask: 0xffffff max_cycles: 0xffffff, max_idle_ns: 2085701024 ns
[    0.364378] NET: Registered protocol family 2
[    0.365734] TCP established hash table entries: 16384 (order: 5, 131072 bytes)
[    0.367241] TCP bind hash table entries: 16384 (order: 6, 262144 bytes)
[    0.368568] TCP: Hash tables configured (established 16384 bind 16384)
[    0.371471] UDP hash table entries: 1024 (order: 3, 32768 bytes)
[    0.372759] UDP-Lite hash table entries: 1024 (order: 3, 32768 bytes)
[    0.374188] NET: Registered protocol family 1
[    0.375127] pci 0000:00:00.0: Limiting direct PCI/PCI transfers
[    0.376504] pci 0000:00:01.0: Activating ISA DMA hang workarounds
[    0.378016] pci 0000:00:02.0: Video device with shadowed ROM at [mem 0x000c0000-0x000dffff]
[    0.380217] Unpacking initramfs...
[    0.686100] Freeing initrd memory: 19148K
[    0.687002] clocksource: tsc: mask: 0xffffffffffffffff max_cycles: 0x1fa37202099, max_idle_ns: 440795206796 ns
[    0.689402] platform rtc_cmos: registered platform RTC device (no PNP device found)
[    0.691144] Scanning for low memory corruption every 60 seconds
[    0.693232] Initialise system trusted keyrings
[    0.694373] Key type blacklist registered
[    0.695703] workingset: timestamp_bits=36 max_order=19 bucket_order=0
[    0.698233] zbud: loaded
[    0.699675] squashfs: version 4.0 (2009/01/31) Phillip Lougher
[    0.701169] fuse init (API version 7.26)
[    0.705219] Key type asymmetric registered
[    0.706156] Asymmetric key parser 'x509' registered
[    0.707165] Block layer SCSI generic (bsg) driver version 0.4 loaded (major 246)
[    0.708711] io scheduler noop registered
[    0.709763] io scheduler deadline registered
[    0.710685] io scheduler cfq registered (default)
[    0.712885] ACPI: AC Adapter [AC] (off-line)
[    0.713977] input: Power Button as /devices/LNXSYSTM:00/LNXPWRBN:00/input/input0
[    0.715633] ACPI: Power Button [PWRF]
[    0.716580] input: Sleep Button as /devices/LNXSYSTM:00/LNXSLPBN:00/input/input1
[    0.718021] ACPI: Sleep Button [SLPF]
[    0.720223] ACPI: Battery Slot [BAT0] (battery present)
[    0.720291] Serial: 8250/16550 driver, 32 ports, IRQ sharing enabled
[    0.743810] 00:02: ttyS0 at I/O 0x3f8 (irq = 4, base_baud = 115200) is a 16550A
[    0.747476] Linux agpgart interface v0.103
[    0.750083] loop: module loaded
[    0.751404] scsi host0: ata_piix
[    0.752325] scsi host1: ata_piix
[    0.753051] ata1: PATA max UDMA/33 cmd 0x1f0 ctl 0x3f6 bmdma 0xd000 irq 14
[    0.754570] ata2: PATA max UDMA/33 cmd 0x170 ctl 0x376 bmdma 0xd008 irq 15
[    0.756096] libphy: Fixed MDIO Bus: probed
[    0.757197] tun: Universal TUN/TAP device driver, 1.6
[    0.758917] PPP generic driver version 2.4.2
[    0.760607] ehci_hcd: USB 2.0 'Enhanced' Host Controller (EHCI) Driver
[    0.761967] ehci-pci: EHCI PCI platform driver
[    0.763057] ehci-platform: EHCI generic platform driver
[    0.764398] ohci_hcd: USB 1.1 'Open' Host Controller (OHCI) Driver
[    0.765707] ohci-pci: OHCI PCI platform driver
[    0.766728] ohci-platform: OHCI generic platform driver
[    0.767739] uhci_hcd: USB Universal Host Controller Interface driver
[    0.769054] i8042: PNP: PS/2 Controller [PNP0303:PS2K,PNP0f03:PS2M] at 0x60,0x64 irq 1,12
[    0.771296] serio: i8042 KBD port at 0x60,0x64 irq 1
[    0.772474] serio: i8042 AUX port at 0x60,0x64 irq 12
[    0.773839] mousedev: PS/2 mouse device common for all mice
[    0.775858] input: AT Translated Set 2 keyboard as /devices/platform/i8042/serio0/input/input2
[    0.777665] rtc_cmos rtc_cmos: rtc core: registered rtc_cmos as rtc0
[    0.779285] rtc_cmos rtc_cmos: alarms up to one day, 114 bytes nvram
[    0.780776] i2c /dev entries driver
[    0.781723] device-mapper: uevent: version 1.0.3
[    0.782963] device-mapper: ioctl: 4.37.0-ioctl (2017-09-20) initialised: dm-devel@redhat.com
[    0.784717] ledtrig-cpu: registered to indicate activity on CPUs
[    0.786639] NET: Registered protocol family 10
[    0.791675] Segment Routing with IPv6
[    0.792579] NET: Registered protocol family 17
[    0.793576] Key type dns_resolver registered
[    0.794879] mce: Using 0 MCE banks
[    0.795869] RAS: Correctable Errors collector initialized.
[    0.797111] sched_clock: Marking stable (797078028, 0)->(994793402, -197715374)
[    0.800703] registered taskstats version 1
[    0.801547] Loading compiled-in X.509 certificates
[    0.805113] Loaded X.509 cert 'Build time autogenerated kernel key: 1859b0531897959199376c446a0bd70df75fd1fc'
[    0.807278] zswap: loaded using pool lzo/zbud
[    0.813420] Key type big_key registered
[    0.814309] Key type trusted registered
[    0.817254] Key type encrypted registered
[    0.818078] AppArmor: AppArmor sha1 policy hashing enabled
[    0.819295] ima: No TPM chip found, activating TPM-bypass! (rc=-19)
[    0.820603] ima: Allocated hash algorithm: sha1
[    0.821777] evm: HMAC attrs: 0x1
[    0.822858]   Magic number: 15:769:950
[    0.823796] tty tty7: hash matches
[    0.824592] memory memory3: hash matches
[    0.825507] rtc_cmos rtc_cmos: setting system clock to 2019-12-11 19:54:58 UTC (1576094098)
[    0.827278] BIOS EDD facility v0.16 2004-Jun-25, 0 devices found
[    0.828941] EDD information not available.
[    0.920395] Freeing unused kernel image memory: 2432K
[    0.932115] Write protecting the kernel read-only data: 20480k
[    0.934728] Freeing unused kernel image memory: 2008K
[    0.936510] Freeing unused kernel image memory: 1880K
[    0.944814] x86/mm: Checked W+X mappings: passed, no W+X pages found.
[    0.946561] x86/mm: Checking user space page tables
[    0.953390] x86/mm: Checked W+X mappings: passed, no W+X pages found.
Loading, please wait...
starting version 237
[    1.035434] e1000: Intel(R) PRO/1000 Network Driver - version 7.3.21-k8-NAPI
[    1.036952] e1000: Copyright (c) 1999-2006 Intel Corporation.
[    1.054709] Fusion MPT base driver 3.04.20
[    1.055624] Copyright (c) 1999-2008 LSI Corporation
[    1.061219] AVX2 version of gcm_enc/dec engaged.
[    1.062444] AES CTR mode by8 optimization enabled
[    1.066511] Fusion MPT SPI Host driver 3.04.20
[    1.253343] input: ImExPS/2 Generic Explorer Mouse as /devices/platform/i8042/serio1/input/input4
[    1.485960] e1000 0000:00:03.0 eth0: (PCI:33MHz:32-bit) 02:83:96:c1:64:f9
[    1.487300] e1000 0000:00:03.0 eth0: Intel(R) PRO/1000 Network Connection
[    1.905554] e1000 0000:00:08.0 eth1: (PCI:33MHz:32-bit) 08:00:27:5d:b0:84
[    1.907027] e1000 0000:00:08.0 eth1: Intel(R) PRO/1000 Network Connection
[    1.909983] e1000 0000:00:03.0 enp0s3: renamed from eth0
[    1.912170] mptbase: ioc0: Initiating bringup
[    1.932907] e1000 0000:00:08.0 enp0s8: renamed from eth1
[    2.008729] ioc0: LSI53C1030 A0: Capabilities={Initiator}
[    3.052689] scsi host2: ioc0: LSI53C1030 A0, FwRev=00000000h, Ports=1, MaxQ=256, IRQ=20
[    3.456868] scsi 2:0:0:0: Direct-Access     VBOX     HARDDISK         1.0  PQ: 0 ANSI: 5
[    3.488348] scsi target2:0:0: Beginning Domain Validation
[    3.493724] scsi target2:0:0: Domain Validation skipping write tests
[    3.495292] scsi target2:0:0: Ending Domain Validation
[    3.496774] scsi target2:0:0: asynchronous
[    3.498615] scsi 2:0:1:0: Direct-Access     VBOX     HARDDISK         1.0  PQ: 0 ANSI: 5
[    3.532426] scsi target2:0:1: Beginning Domain Validation
[    3.536446] random: fast init done
[    3.538326] scsi target2:0:1: Domain Validation skipping write tests
[    3.539933] scsi target2:0:1: Ending Domain Validation
[    3.541391] scsi target2:0:1: asynchronous
[    3.547768] random: systemd-udevd: uninitialized urandom read (16 bytes read)
[    3.549452] sd 2:0:0:0: Attached scsi generic sg0 type 0
[    3.549684] sd 2:0:0:0: [sda] 62914560 512-byte logical blocks: (32.2 GB/30.0 GiB)
[    3.552277] random: systemd-udevd: uninitialized urandom read (16 bytes read)
[    3.553757] sd 2:0:0:0: [sda] Write Protect is off
[    3.553825] sd 2:0:1:0: Attached scsi generic sg1 type 0
[    3.556680] random: systemd-udevd: uninitialized urandom read (16 bytes read)
[    3.558339] sd 2:0:0:0: [sda] Incomplete mode parameter data
[    3.558361] sd 2:0:1:0: [sdb] 20480 512-byte logical blocks: (10.5 MB/10.0 MiB)
[    3.559723] sd 2:0:0:0: [sda] Assuming drive cache: write through
[    3.563721] sd 2:0:1:0: [sdb] Write Protect is off
[    3.565445] sd 2:0:1:0: [sdb] Incomplete mode parameter data
[    3.566119]  sda: sda1
[    3.566695] sd 2:0:1:0: [sdb] Assuming drive cache: write through
[    3.568206] sd 2:0:0:0: [sda] Attached SCSI disk
[    3.572661] sd 2:0:1:0: [sdb] Attached SCSI disk
Begin: Loading essential drivers ... [    5.056114] raid6: sse2x1   gen()  9468 MB/s
[    5.104086] raid6: sse2x1   xor()  7108 MB/s
[    5.152087] raid6: sse2x2   gen() 11466 MB/s
[    5.200028] raid6: sse2x2   xor()  7708 MB/s
[    5.248667] raid6: sse2x4   gen() 13617 MB/s
[    5.296669] raid6: sse2x4   xor()  8125 MB/s
[    5.344162] raid6: avx2x1   gen() 18647 MB/s
[    5.392272] raid6: avx2x1   xor() 13306 MB/s
[    5.440030] raid6: avx2x2   gen() 22038 MB/s
[    5.488079] raid6: avx2x2   xor() 14318 MB/s
[    5.536145] raid6: avx2x4   gen() 21925 MB/s
[    5.584174] raid6: avx2x4   xor() 10605 MB/s
[    5.585225] raid6: using algorithm avx2x2 gen() 22038 MB/s
[    5.586326] raid6: .... xor() 14318 MB/s, rmw enabled
[    5.587515] raid6: using avx2x2 recovery algorithm
[    5.591030] xor: automatically using best checksumming function   avx       
[    5.595401] async_tx: api initialized (async)
done.
Begin: Running /scripts/init-premount ... done.
Begin: Mounting root file system ... Begin: Running /scripts/local-top ... done.
Begin: Running /scripts/local-premount ... [    5.648726] Btrfs loaded, crc32c=crc32c-intel
Scanning for Btrfs filesystems
done.
Warning: fsck not present, so skipping root file system
[    5.683677] EXT4-fs (sda1): mounted filesystem with ordered data mode. Opts: (null)
done.
Begin: Running /scripts/local-bottom ... done.
Begin: Running /scripts/init-bottom ... done.
[    5.894697] ip_tables: (C) 2000-2006 Netfilter Core Team
[    5.906013] systemd[1]: systemd 237 running in system mode. (+PAM +AUDIT +SELINUX +IMA +APPARMOR +SMACK +SYSVINIT +UTMP +LIBCRYPTSETUP +GCRYPT +GNUTLS +ACL +XZ +LZ4 +SECCOMP +BLKID +ELFUTILS +KMOD -IDN2 +IDN -PCRE2 default-hierarchy=hybrid)
[    5.910479] systemd[1]: Detected virtualization oracle.
[    5.911550] systemd[1]: Detected architecture x86-64.

Welcome to [1mUbuntu 18.04.3 LTS[0m!

[    5.918947] systemd[1]: Set hostname to <ubuntu-bionic>.
[    6.219370] systemd[1]: Reached target User and Group Name Lookups.
[[0;32m  OK  [0m] Reached target User and Group Name Lookups.
[    6.221660] systemd[1]: Reached target System Time Synchronized.
[[0;32m  OK  [0m] Reached target System Time Synchronized.
[    6.240216] systemd[1]: Set up automount Arbitrary Executable File Formats File System Automount Point.
[[0;32m  OK  [0m] Set up automount Arbitrary Executab…rmats File System Automount Point.
[    6.244292] systemd[1]: Started Forward Password Requests to Wall Directory Watch.
[[0;32m  OK  [0m] Started Forward Password Requests to Wall Directory Watch.
[    6.247104] systemd[1]: Reached target Swap.
[[0;32m  OK  [0m] Reached target Swap.
[    6.250380] systemd[1]: Created slice User and Session Slice.
[[0;32m  OK  [0m] Created slice User and Session Slice.
[[0;32m  OK  [0m] Created slice System Slice.
[[0;32m  OK  [0m] Listening on Journal Socket (/dev/log).
[[0;32m  OK  [0m] Created slice system-serial\x2dgetty.slice.
[[0;32m  OK  [0m] Listening on Journal Socket.
         Starting Set the console keyboard layout...
         Mounting Kernel Debug File System...
         Mounting Huge Pages File System...
         Starting Uncomplicated firewall...
[[0;32m  OK  [0m] Listening on Device-mapper event daemon FIFOs.
[[0;32m  OK  [0m] Listening on LVM2 metadata daemon socket.
[[0;32m  OK  [0m] Listening on udev Kernel Socket.
[[0;32m  OK  [0m] Listening on Journal Audit Socket.
         Starting Remount Root and Kernel File Systems...
[[0;32m  OK  [0m] Listening on /dev/initctl Compatibility Named Pipe.
[    6.332047] EXT4-fs (sda1): re-mounted. Opts: (null)
[[0;32m  OK  [0m] Listening on LVM2 poll daemon socket.
[[0;32m  OK  [0m] Listening on Network Service Netlink Socket.
         Starting Load Kernel Modules...
         Mounting POSIX Message Queue File System...
[    6.365567] Loading iSCSI transport class v2.0-870.
[    6.372364] iscsi: registered transport (tcp)
[[0;32m  OK  [0m] Reached target Slices.
         Starting Create list of required st…ce nodes for the current kernel...
         Starting Monitoring of LVM2 mirrors…ng dmeventd or progress polling...
[[0;32m  OK  [0m] Listening on udev Control Socket.
         Starting udev Coldplug all Devices...
[[0;32m  OK  [0m] Listening on Syslog Socket.
         Starting Journal Service...
[[0;32m  OK  [0m] Mounted Kernel Debug File System.
[[0;32m  OK  [0m] Started Set the console keyboard layout.
[[0;32m  OK  [0m] Mounted Huge Pages File System.
[[0;32m  OK  [0m] Started Uncomplicated firewall.
[[0;32m  OK  [0m] Started Remount Root and Kernel File Systems.
[[0;32m  OK  [0m] Mounted POSIX Message Queue File System.
[[0;32m  OK  [0m] Started Create list of required sta…vice nodes for the current kernel.
[[0;32m  OK  [0m] Started LVM2 metadata daemon.
         Starting Create Static Device Nodes in /dev...
[    6.437899] iscsi: registered transport (iser)
         Starting Load/Save Random Seed...
[[0;32m  OK  [0m] Started Journal Service.
[[0;32m  OK  [0m] Started Load Kernel Modules.
[[0;32m  OK  [0m] Started udev Coldplug all Devices.
         Starting Apply Kernel Variables...
         Mounting FUSE Control File System...
         Mounting Kernel Configuration File System...
         Starting Flush Journal to Persistent Storage...
[[0;32m  OK  [0m] Started Create Static Device Nodes in /dev.
[[0;32m  OK  [0m] Mounted FUSE Control File System.
[[0;32m  OK  [0m] Mounted Kernel Configuration File System.
[[0;32m  OK  [0m] Started Monitoring of LVM2 mirrors,…sing dmeventd or progress polling.
[[0;32m  OK  [0m] Started Load/Save Random Seed.
         Starting udev Kernel Device Manager...
[[0;32m  OK  [0m] Reached target Local File Systems (Pre).
[[0;32m  OK  [0m] Reached target Local File Systems.
         Starting Set console font and keymap...
         Starting AppArmor initialization...
         Starting Tell Plymouth To Write Out Runtime Data...
         Starting ebtables ruleset management...
[[0;32m  OK  [0m] Started udev Kernel Device Manager.
[[0;32m  OK  [0m] Started Apply Kernel Variables.
[[0;32m  OK  [0m] Started Set console font and keymap.
[[0;32m  OK  [0m] Started Dispatch Password Requests to Console Directory Watch.
[[0;32m  OK  [0m] Reached target Local Encrypted Volumes.
[[0;32m  OK  [0m] Started Tell Plymouth To Write Out Runtime Data.
[[0;32m  OK  [0m] Started Flush Journal to Persistent Storage.
         Starting Create Volatile Files and Directories...
[[0;32m  OK  [0m] Started ebtables ruleset management.
[[0;32m  OK  [0m] Started Create Volatile Files and Directories.
         Starting Update UTMP about System Boot/Shutdown...
[[0;32m  OK  [0m] Started Update UTMP about System Boot/Shutdown.
[[0;32m  OK  [0m] Found device /dev/ttyS0.
[[0;32m  OK  [0m] Started AppArmor initialization.
         Starting Initial cloud-init job (pre-networking)...
[[0;32m  OK  [0m] Listening on Load/Save RF Kill Switch Status /dev/rfkill Watch.
[    8.215403] cloud-init[531]: Cloud-init v. 19.2-36-g059d049c-0ubuntu2~18.04.1 running 'init-local' at Wed, 11 Dec 2019 19:55:05 +0000. Up 8.01 seconds.
[[0;32m  OK  [0m] Started Initial cloud-init job (pre-networking).
[[0;32m  OK  [0m] Reached target Network (Pre).
         Starting Network Service...
[[0;32m  OK  [0m] Started Network Service.
         Starting Network Name Resolution...
         Starting Wait for Network to be Configured...
[[0;32m  OK  [0m] Started Network Name Resolution.
[[0;32m  OK  [0m] Reached target Host and Network Name Lookups.
[[0;32m  OK  [0m] Reached target Network.
[[0;32m  OK  [0m] Started Wait for Network to be Configured.
         Starting Initial cloud-init job (metadata service crawler)...
[   10.857221] cloud-init[674]: Cloud-init v. 19.2-36-g059d049c-0ubuntu2~18.04.1 running 'init' at Wed, 11 Dec 2019 19:55:08 +0000. Up 10.70 seconds.
[   10.860040] cloud-init[674]: ci-info: ++++++++++++++++++++++++++++++++++++++Net device info+++++++++++++++++++++++++++++++++++++++
[   10.876251] cloud-init[674]: ci-info: +--------+------+-----------------------------+---------------+--------+-------------------+
[   10.889629] cloud-init[674]: ci-info: | Device |  Up  |           Address           |      Mask     | Scope  |     Hw-Address    |
[   10.893148] cloud-init[674]: ci-info: +--------+------+-----------------------------+---------------+--------+-------------------+
[   10.894873] cloud-init[674]: ci-info: | enp0s3 | True |          10.0.2.15          | 255.255.255.0 | global | 02:83:96:c1:64:f9 |
[   10.896474] cloud-init[674]: ci-info: | enp0s3 | True |  fe80::83:96ff:fec1:64f9/64 |       .       |  link  | 02:83:96:c1:64:f9 |
[   10.898180] cloud-init[674]: ci-info: | enp0s8 | True |        192.168.33.10        | 255.255.255.0 | global | 08:00:27:5d:b0:84 |
[   10.908134] cloud-init[674]: ci-info: | enp0s8 | True | fe80::a00:27ff:fe5d:b084/64 |       .       |  link  | 08:00:27:5d:b0:84 |
[   10.909958] cloud-init[674]: ci-info: |   lo   | True |          127.0.0.1          |   255.0.0.0   |  host  |         .         |
[   10.912356] cloud-init[674]: ci-info: |   lo   | True |           ::1/128           |       .       |  host  |         .         |
[   10.913896] cloud-init[674]: ci-info: +--------+------+-----------------------------+---------------+--------+-------------------+
[   10.915557] cloud-init[674]: ci-info: +++++++++++++++++++++++++++++Route IPv4 info+++++++++++++++++++++++++++++
[   10.928230] cloud-init[674]: ci-info: +-------+--------------+----------+-----------------+-----------+-------+
[   10.930321] cloud-init[674]: ci-info: | Route | Destination  | Gateway  |     Genmask     | Interface | Flags |
[   10.931684] cloud-init[674]: ci-info: +-------+--------------+----------+-----------------+-----------+-------+
[   10.933232] cloud-init[674]: ci-info: |   0   |   0.0.0.0    | 10.0.2.2 |     0.0.0.0     |   enp0s3  |   UG  |
[   10.944212] cloud-init[674]: ci-info: |   1   |   10.0.2.0   | 0.0.0.0  |  255.255.255.0  |   enp0s3  |   U   |
[   10.945943] cloud-init[674]: ci-info: |   2   |   10.0.2.2   | 0.0.0.0  | 255.255.255.255 |   enp0s3  |   UH  |
[   10.947120] cloud-init[674]: ci-info: |   3   | 192.168.33.0 | 0.0.0.0  |  255.255.255.0  |   enp0s8  |   U   |
[   10.948666] cloud-init[674]: ci-info: +-------+--------------+----------+-----------------+-----------+-------+
[   10.950032] cloud-init[674]: ci-info: +++++++++++++++++++Route IPv6 info+++++++++++++++++++
[   10.951101] cloud-init[674]: ci-info: +-------+-------------+---------+-----------+-------+
[   10.952265] cloud-init[674]: ci-info: | Route | Destination | Gateway | Interface | Flags |
[   10.953409] cloud-init[674]: ci-info: +-------+-------------+---------+-----------+-------+
[   10.964338] cloud-init[674]: ci-info: |   1   |  fe80::/64  |    ::   |   enp0s8  |   U   |
[   10.966012] cloud-init[674]: ci-info: |   2   |  fe80::/64  |    ::   |   enp0s3  |   U   |
[   10.976365] cloud-init[674]: ci-info: |   4   |    local    |    ::   |   enp0s3  |   U   |
[   10.980422] cloud-init[674]: ci-info: |   5   |    local    |    ::   |   enp0s8  |   U   |
[   10.982286] cloud-init[674]: ci-info: |   6   |   ff00::/8  |    ::   |   enp0s8  |   U   |
[   10.992257] cloud-init[674]: ci-info: |   7   |   ff00::/8  |    ::   |   enp0s3  |   U   |
[   10.994127] cloud-init[674]: ci-info: +-------+-------------+---------+-----------+-------+
[[0;32m  OK  [0m] Started Initial cloud-init job (metadata service crawler).
[[0;32m  OK  [0m] Reached target System Initialization.
         Starting LXD - unix socket.
         Starting Socket activation for snappy daemon.
[[0;32m  OK  [0m] Started Daily apt download activities.
[[0;32m  OK  [0m] Listening on ACPID Listen Socket.
[[0;32m  OK  [0m] Started Discard unused blocks once a week.
[[0;32m  OK  [0m] Started Daily Cleanup of Temporary Directories.
         Starting Docker Socket for the API.
[[0;32m  OK  [0m] Listening on Open-iSCSI iscsid Socket.
[[0;32m  OK  [0m] Started Message of the Day.
[[0;32m  OK  [0m] Started Daily apt upgrade and clean activities.
[[0;32m  OK  [0m] Reached target Timers.
[[0;32m  OK  [0m] Listening on UUID daemon activation socket.
[[0;32m  OK  [0m] Started ACPI Events Check.
[[0;32m  OK  [0m] Listening on D-Bus System Message Bus Socket.
[[0;32m  OK  [0m] Reached target Paths.
[[0;32m  OK  [0m] Reached target Cloud-config availability.
[[0;32m  OK  [0m] Reached target Network is Online.
         Starting Availability of block devices...
[[0;32m  OK  [0m] Reached target Remote File Systems (Pre).
[[0;32m  OK  [0m] Reached target Remote File Systems.
[[0;32m  OK  [0m] Listening on LXD - unix socket.
[[0;32m  OK  [0m] Listening on Socket activation for snappy daemon.
[[0;32m  OK  [0m] Listening on Docker Socket for the API.
[[0;32m  OK  [0m] Started Availability of block devices.
[[0;32m  OK  [0m] Reached target Sockets.
[[0;32m  OK  [0m] Reached target Basic System.
         Starting MySQL Community Server...
[[0;32m  OK  [0m] Started D-Bus System Message Bus.
[[0;32m  OK  [0m] Started Deferred execution scheduler.
         Starting LXD - container startup/shutdown...
[[0;32m  OK  [0m] Started FUSE filesystem for LXC.
         Starting containerd container runtime...
         Starting LSB: automatic crash report generation...
         Starting Virtualbox guest utils...
         Starting LSB: Linux init script for swapspace...
[[0;32m  OK  [0m] Started Regular background program processing daemon.
         Starting Permit User Sessions...
[[0;32m  OK  [0m] Started irqbalance daemon.
         Starting Dispatcher daemon for systemd-networkd...
         Starting LSB: Start Jenkins at boot time...
         Starting Snappy daemon...
         Starting OpenBSD Secure Shell server...
         Starting Accounts Service...
         Starting Login Service...
         Starting LSB: Record successful boot for GRUB...
         Starting System Logging Service...
[[0;32m  OK  [0m] Started containerd container runtime.
[[0;32m  OK  [0m] Started Permit User Sessions.
         Starting Hold until boot process finishes up...
         Starting Terminate Plymouth Boot Screen...
         Starting Docker Application Container Engine...
[[0;32m  OK  [0m] Started Hold until boot process finishes up.
[[0;32m  OK  [0m] Started Terminate Plymouth Boot Screen.
         Starting Set console scheme...
[[0;32m  OK  [0m] Started Serial Getty on ttyS0.
[[0;32m  OK  [0m] Started LSB: Linux init script for swapspace.
[[0;32m  OK  [0m] Started Login Service.
[[0;32m  OK  [0m] Started Unattended Upgrades Shutdown.
[[0;32m  OK  [0m] Started System Logging Service.
[[0;32m  OK  [0m] Started Set console scheme.
[[0;32m  OK  [0m] Started LSB: automatic crash report generation.
         Starting Authorization Manager...
[[0;32m  OK  [0m] Created slice system-getty.slice.
[[0;32m  OK  [0m] Started Getty on tty1.
[[0;32m  OK  [0m] Reached target Login Prompts.
[[0;32m  OK  [0m] Started OpenBSD Secure Shell server.
[[0;32m  OK  [0m] Started Authorization Manager.
[[0;32m  OK  [0m] Started Accounts Service.
[[0;32m  OK  [0m] Started LSB: Record successful boot for GRUB.
[[0;32m  OK  [0m] Started Virtualbox guest utils.
[[0;32m  OK  [0m] Started LXD - container startup/shutdown.
[[0;32m  OK  [0m] Created slice User Slice of vagrant.
         Starting User Manager for UID 1000...
[[0;32m  OK  [0m] Started Session 1 of user vagrant.
[[0;32m  OK  [0m] Started Dispatcher daemon for systemd-networkd.
[[0;32m  OK  [0m] Started Snappy daemon.
         Starting Wait until snapd is fully seeded...
[[0;32m  OK  [0m] Started User Manager for UID 1000.
[[0;32m  OK  [0m] Started Wait until snapd is fully seeded.
         Starting Apply the settings specified in cloud-config...
[   14.684838] cloud-init[1174]: Cloud-init v. 19.2-36-g059d049c-0ubuntu2~18.04.1 running 'modules:config' at Wed, 11 Dec 2019 19:55:11 +0000. Up 14.10 seconds.
[[0;32m  OK  [0m] Started Apply the settings specified in cloud-config.
[[0;32m  OK  [0m] Created slice User Slice of jenkins.
         Starting User Manager for UID 112...
[[0;32m  OK  [0m] Started Session c1 of user jenkins.
[[0;32m  OK  [0m] Started User Manager for UID 112.
[[0;32m  OK  [0m] Started MySQL Community Server.
[[0;32m  OK  [0m] Started LSB: Start Jenkins at boot time.
[   17.565773] cloud-init[1631]: Cloud-init v. 19.2-36-g059d049c-0ubuntu2~18.04.1 running 'modules:final' at Wed, 11 Dec 2019 19:55:14 +0000. Up 17.30 seconds.
[   17.566157] cloud-init[1631]: Cloud-init v. 19.2-36-g059d049c-0ubuntu2~18.04.1 finished at Wed, 11 Dec 2019 19:55:15 +0000. Datasource DataSourceNoCloud [seed=/dev/sdb][dsmode=net].  Up 17.55 seconds

Ubuntu 18.04.3 LTS ubuntu-bionic ttyS0

ubuntu-bionic login: 